#
# There is insufficient memory for the Java Runtime Environment to continue.
# Native memory allocation (malloc) failed to allocate 32744 bytes for ChunkPool::allocate
# Possible reasons:
#   The system is out of physical RAM or swap space
#   The process is running with CompressedOops enabled, and the Java Heap may be blocking the growth of the native heap
# Possible solutions:
#   Reduce memory load on the system
#   Increase physical memory or swap space
#   Check if swap backing store is full
#   Decrease Java heap size (-Xmx/-Xms)
#   Decrease number of Java threads
#   Decrease Java thread stack sizes (-Xss)
#   Set larger code cache with -XX:ReservedCodeCacheSize=
#   JVM is running with Unscaled Compressed Oops mode in which the Java heap is
#     placed in the first 4GB address space. The Java Heap base address is the
#     maximum limit for the native heap growth. Please use -XX:HeapBaseMinAddress
#     to set the Java Heap base and to place the Java Heap above 4GB virtual address.
# This output file may be truncated or incomplete.
#
#  Out of Memory Error (arena.cpp:79), pid=5364, tid=244
#
# JRE version: OpenJDK Runtime Environment Temurin-17.0.10+7 (17.0.10+7) (build 17.0.10+7)
# Java VM: OpenJDK 64-Bit Server VM Temurin-17.0.10+7 (17.0.10+7, mixed mode, tiered, compressed oops, compressed class ptrs, parallel gc, windows-amd64)
# No core dump will be written. Minidumps are not enabled by default on client versions of Windows
#

---------------  S U M M A R Y ------------

Command Line: --add-modules=ALL-SYSTEM --add-opens=java.base/java.util=ALL-UNNAMED --add-opens=java.base/java.lang=ALL-UNNAMED --add-opens=java.base/sun.nio.fs=ALL-UNNAMED -Declipse.application=org.eclipse.jdt.ls.core.id1 -Dosgi.bundles.defaultStartLevel=4 -Declipse.product=org.eclipse.jdt.ls.core.product -Djava.import.generatesMetadataFilesAtProjectRoot=false -DDetectVMInstallationsJob.disabled=true -Dfile.encoding=utf8 -XX:+UseParallelGC -XX:GCTimeRatio=4 -XX:AdaptiveSizePolicyWeight=90 -Dsun.zip.disableMemoryMapping=true -Xmx1G -Xms100m -Xlog:disable -javaagent:c:\Users\quanv\.vscode\extensions\redhat.java-1.28.1-win32-x64\lombok\lombok-1.18.31.jar c:\Users\quanv\.vscode\extensions\redhat.java-1.28.1-win32-x64\server\plugins\org.eclipse.equinox.launcher_1.6.700.v20231214-2017.jar -configuration c:\Users\quanv\AppData\Roaming\Code\User\globalStorage\redhat.java\1.28.1\config_ss_win -data c:\Users\quanv\AppData\Roaming\Code\User\workspaceStorage\ccecfbbd7f8eecbfb882a3794a653680\redhat.java\ss_ws --stdio

Host: Intel(R) Core(TM) i5-5300U CPU @ 2.30GHz, 4 cores, 7G,  Windows 10 , 64 bit Build 19041 (10.0.19041.3636)
Time: Wed Feb 21 17:11:05 2024 SE Asia Standard Time elapsed time: 13.884434 seconds (0d 0h 0m 13s)

---------------  T H R E A D  ---------------

Current thread (0x00000208c8912360):  JavaThread "C2 CompilerThread0" daemon [_thread_in_native, id=244, stack(0x000000a4e0800000,0x000000a4e0900000)]


Current CompileTask:
C2:  13884 2369       4       org.lombokweb.asm.ClassReader::readMethod (1066 bytes)

Stack: [0x000000a4e0800000,0x000000a4e0900000]
Native frames: (J=compiled Java code, j=interpreted, Vv=VM code, C=native code)
V  [jvm.dll+0x67d2c9]
V  [jvm.dll+0x834afa]
V  [jvm.dll+0x8365be]
V  [jvm.dll+0x836c23]
V  [jvm.dll+0x2477ff]
V  [jvm.dll+0xac711]
V  [jvm.dll+0xacb5c]
V  [jvm.dll+0xac61b]
V  [jvm.dll+0x65bc79]
V  [jvm.dll+0x6a35ba]
V  [jvm.dll+0x6c9695]
V  [jvm.dll+0x1bce80]
V  [jvm.dll+0x21a049]
V  [jvm.dll+0x219311]
V  [jvm.dll+0x1a502d]
V  [jvm.dll+0x2290de]
V  [jvm.dll+0x2272ac]
V  [jvm.dll+0x7e9bb7]
V  [jvm.dll+0x7e3fba]
V  [jvm.dll+0x67c1b5]
C  [ucrtbase.dll+0x21bb2]
C  [KERNEL32.DLL+0x17344]
C  [ntdll.dll+0x526b1]


---------------  P R O C E S S  ---------------

Threads class SMR info:
_java_thread_list=0x00000208ce4fdf90, length=20, elements={
0x00000208b4aa8c70, 0x00000208c88e2750, 0x00000208c88e4270, 0x00000208c890c280,
0x00000208c890d010, 0x00000208c890fca0, 0x00000208c8911670, 0x00000208c8912360,
0x00000208cdad7360, 0x00000208cdad8110, 0x00000208cdb99030, 0x00000208cdd57f70,
0x00000208ce2fce30, 0x00000208ce159d50, 0x00000208ce15a4e0, 0x00000208ce4812d0,
0x00000208ce17b030, 0x00000208ce424070, 0x00000208ce424a90, 0x00000208ce4259c0
}

Java Threads: ( => current thread )
  0x00000208b4aa8c70 JavaThread "main" [_thread_blocked, id=12000, stack(0x000000a4dff00000,0x000000a4e0000000)]
  0x00000208c88e2750 JavaThread "Reference Handler" daemon [_thread_blocked, id=10936, stack(0x000000a4e0200000,0x000000a4e0300000)]
  0x00000208c88e4270 JavaThread "Finalizer" daemon [_thread_blocked, id=11276, stack(0x000000a4e0300000,0x000000a4e0400000)]
  0x00000208c890c280 JavaThread "Signal Dispatcher" daemon [_thread_blocked, id=14836, stack(0x000000a4e0400000,0x000000a4e0500000)]
  0x00000208c890d010 JavaThread "Attach Listener" daemon [_thread_blocked, id=6172, stack(0x000000a4e0500000,0x000000a4e0600000)]
  0x00000208c890fca0 JavaThread "Service Thread" daemon [_thread_blocked, id=4028, stack(0x000000a4e0600000,0x000000a4e0700000)]
  0x00000208c8911670 JavaThread "Monitor Deflation Thread" daemon [_thread_blocked, id=4436, stack(0x000000a4e0700000,0x000000a4e0800000)]
=>0x00000208c8912360 JavaThread "C2 CompilerThread0" daemon [_thread_in_native, id=244, stack(0x000000a4e0800000,0x000000a4e0900000)]
  0x00000208cdad7360 JavaThread "C1 CompilerThread0" daemon [_thread_blocked, id=7492, stack(0x000000a4e0900000,0x000000a4e0a00000)]
  0x00000208cdad8110 JavaThread "Sweeper thread" daemon [_thread_blocked, id=14240, stack(0x000000a4e0a00000,0x000000a4e0b00000)]
  0x00000208cdb99030 JavaThread "Common-Cleaner" daemon [_thread_blocked, id=12352, stack(0x000000a4e0b00000,0x000000a4e0c00000)]
  0x00000208cdd57f70 JavaThread "Notification Thread" daemon [_thread_blocked, id=15292, stack(0x000000a4e0c00000,0x000000a4e0d00000)]
  0x00000208ce2fce30 JavaThread "Active Thread: Equinox Container: c5d4ef68-ea69-4769-8498-3f1185f87f25" [_thread_blocked, id=1512, stack(0x000000a4e1100000,0x000000a4e1200000)]
  0x00000208ce159d50 JavaThread "Framework Event Dispatcher: Equinox Container: c5d4ef68-ea69-4769-8498-3f1185f87f25" daemon [_thread_blocked, id=6708, stack(0x000000a4e1200000,0x000000a4e1300000)]
  0x00000208ce15a4e0 JavaThread "Start Level: Equinox Container: c5d4ef68-ea69-4769-8498-3f1185f87f25" daemon [_thread_in_Java, id=13588, stack(0x000000a4e1300000,0x000000a4e1400000)]
  0x00000208ce4812d0 JavaThread "SCR Component Actor" daemon [_thread_blocked, id=14692, stack(0x000000a4e1400000,0x000000a4e1500000)]
  0x00000208ce17b030 JavaThread "SCR Component Registry" daemon [_thread_blocked, id=13624, stack(0x000000a4e1500000,0x000000a4e1600000)]
  0x00000208ce424070 JavaThread "Worker-JM" [_thread_blocked, id=2820, stack(0x000000a4e1600000,0x000000a4e1700000)]
  0x00000208ce424a90 JavaThread "Worker-0" [_thread_blocked, id=9952, stack(0x000000a4e1700000,0x000000a4e1800000)]
  0x00000208ce4259c0 JavaThread "Worker-1" [_thread_blocked, id=7540, stack(0x000000a4e1800000,0x000000a4e1900000)]

Other Threads:
  0x00000208c88cb820 VMThread "VM Thread" [stack: 0x000000a4e0100000,0x000000a4e0200000] [id=12452]
  0x00000208cdd58450 WatcherThread [stack: 0x000000a4e0d00000,0x000000a4e0e00000] [id=13464]
  0x00000208b4abe7d0 GCTaskThread "GC Thread#0" [stack: 0x000000a4e0000000,0x000000a4e0100000] [id=3664]
  0x00000208ce62a950 GCTaskThread "GC Thread#1" [stack: 0x000000a4e0e00000,0x000000a4e0f00000] [id=11788]
  0x00000208ce449070 GCTaskThread "GC Thread#2" [stack: 0x000000a4e0f00000,0x000000a4e1000000] [id=6532]
  0x00000208ce6645f0 GCTaskThread "GC Thread#3" [stack: 0x000000a4e1000000,0x000000a4e1100000] [id=11096]

Threads with active compile tasks:
C2 CompilerThread0    14010 2369       4       org.lombokweb.asm.ClassReader::readMethod (1066 bytes)

VM state: not at safepoint (normal execution)

VM Mutex/Monitor currently owned by a thread: None

Heap address: 0x00000000c0000000, size: 1024 MB, Compressed Oops mode: 32-bit

CDS archive(s) not mapped
Compressed class space mapped at: 0x0000000100000000-0x0000000140000000, reserved size: 1073741824
Narrow klass base: 0x0000000000000000, Narrow klass shift: 3, Narrow klass range: 0x140000000

GC Precious Log:
 CPUs: 4 total, 4 available
 Memory: 8064M
 Large Page Support: Disabled
 NUMA Support: Disabled
 Compressed Oops: Enabled (32-bit)
 Alignments: Space 512K, Generation 512K, Heap 2M
 Heap Min Capacity: 100M
 Heap Initial Capacity: 100M
 Heap Max Capacity: 1G
 Pre-touch: Disabled
 Parallel Workers: 4

Heap:
 PSYoungGen      total 26112K, used 16225K [0x00000000eab00000, 0x00000000ec880000, 0x0000000100000000)
  eden space 25088K, 62% used [0x00000000eab00000,0x00000000eba41c88,0x00000000ec380000)
  from space 1024K, 58% used [0x00000000ec400000,0x00000000ec496930,0x00000000ec500000)
  to   space 2560K, 0% used [0x00000000ec600000,0x00000000ec600000,0x00000000ec880000)
 ParOldGen       total 68608K, used 6712K [0x00000000c0000000, 0x00000000c4300000, 0x00000000eab00000)
  object space 68608K, 9% used [0x00000000c0000000,0x00000000c068e1e8,0x00000000c4300000)
 Metaspace       used 26296K, committed 26752K, reserved 1114112K
  class space    used 2555K, committed 2752K, reserved 1048576K

Card table byte_map: [0x00000208b4440000,0x00000208b4650000] _byte_map_base: 0x00000208b3e40000

Marking Bits: (ParMarkBitMap*) 0x00007ff86cecd7d0
 Begin Bits: [0x00000208c6730000, 0x00000208c7730000)
 End Bits:   [0x00000208c7730000, 0x00000208c8730000)

Polling page: 0x00000208b28c0000

Metaspace:

Usage:
  Non-class:     23.18 MB used.
      Class:      2.50 MB used.
       Both:     25.68 MB used.

Virtual space:
  Non-class space:       64.00 MB reserved,      23.44 MB ( 37%) committed,  1 nodes.
      Class space:        1.00 GB reserved,       2.69 MB ( <1%) committed,  1 nodes.
             Both:        1.06 GB reserved,      26.12 MB (  2%) committed. 

Chunk freelists:
   Non-Class:  8.53 MB
       Class:  13.33 MB
        Both:  21.86 MB

MaxMetaspaceSize: unlimited
CompressedClassSpaceSize: 1.00 GB
Initial GC threshold: 21.00 MB
Current GC threshold: 35.00 MB
CDS: off
MetaspaceReclaimPolicy: balanced
 - commit_granule_bytes: 65536.
 - commit_granule_words: 8192.
 - virtual_space_node_default_size: 8388608.
 - enlarge_chunks_in_place: 1.
 - new_chunks_are_fully_committed: 0.
 - uncommit_free_chunks: 1.
 - use_allocation_guard: 0.
 - handle_deallocations: 1.


Internal statistics:

num_allocs_failed_limit: 3.
num_arena_births: 274.
num_arena_deaths: 14.
num_vsnodes_births: 2.
num_vsnodes_deaths: 0.
num_space_committed: 418.
num_space_uncommitted: 0.
num_chunks_returned_to_freelist: 17.
num_chunks_taken_from_freelist: 984.
num_chunk_merges: 5.
num_chunk_splits: 655.
num_chunks_enlarged: 455.
num_inconsistent_stats: 0.

CodeHeap 'non-profiled nmethods': size=120000Kb used=969Kb max_used=969Kb free=119030Kb
 bounds [0x00000208bf200000, 0x00000208bf470000, 0x00000208c6730000]
CodeHeap 'profiled nmethods': size=120000Kb used=4725Kb max_used=4725Kb free=115274Kb
 bounds [0x00000208b7730000, 0x00000208b7bd0000, 0x00000208bec60000]
CodeHeap 'non-nmethods': size=5760Kb used=1225Kb max_used=1225Kb free=4534Kb
 bounds [0x00000208bec60000, 0x00000208beed0000, 0x00000208bf200000]
 total_blobs=2925 nmethods=2390 adapters=449
 compilation: enabled
              stopped_count=0, restarted_count=0
 full_count=0

Compilation events (20 events):
Event: 13.344 Thread 0x00000208cdad7360 2386       3       java.lang.String::split (327 bytes)
Event: 13.349 Thread 0x00000208cdad7360 nmethod 2386 0x00000208b7bbf110 code [0x00000208b7bbf6a0, 0x00000208b7bc2978]
Event: 13.349 Thread 0x00000208cdad7360 2387       3       org.lombokweb.asm.MethodWriter::visitLabel (328 bytes)
Event: 13.350 Thread 0x00000208cdad7360 nmethod 2387 0x00000208b7bc3c10 code [0x00000208b7bc3e40, 0x00000208b7bc4778]
Event: 13.353 Thread 0x00000208cdad7360 2388       3       org.lombokweb.asm.MethodVisitor::visitMethodInsn (80 bytes)
Event: 13.353 Thread 0x00000208cdad7360 nmethod 2388 0x00000208b7bc4a10 code [0x00000208b7bc4be0, 0x00000208b7bc5088]
Event: 13.353 Thread 0x00000208cdad7360 2389       3       org.lombokweb.asm.MethodVisitor::visitInsn (16 bytes)
Event: 13.354 Thread 0x00000208cdad7360 nmethod 2389 0x00000208b7bc5210 code [0x00000208b7bc53c0, 0x00000208b7bc55c8]
Event: 13.354 Thread 0x00000208cdad7360 2390       3       org.lombokweb.asm.MethodWriter::visitJumpInsn (495 bytes)
Event: 13.356 Thread 0x00000208cdad7360 nmethod 2390 0x00000208b7bc5690 code [0x00000208b7bc59c0, 0x00000208b7bc6a28]
Event: 13.466 Thread 0x00000208cdad7360 2392       3       org.lombokweb.asm.ClassReader::<init> (371 bytes)
Event: 13.468 Thread 0x00000208cdad7360 nmethod 2392 0x00000208b7bc7010 code [0x00000208b7bc72e0, 0x00000208b7bc8498]
Event: 13.469 Thread 0x00000208cdad7360 2393       3       org.lombokweb.asm.SymbolTable::<init> (536 bytes)
Event: 13.473 Thread 0x00000208cdad7360 nmethod 2393 0x00000208b7bc8a10 code [0x00000208b7bc8fa0, 0x00000208b7bcb8a8]
Event: 13.473 Thread 0x00000208cdad7360 2395       3       org.lombokweb.asm.MethodVisitor::visitJumpInsn (17 bytes)
Event: 13.473 Thread 0x00000208cdad7360 nmethod 2395 0x00000208b7bcca10 code [0x00000208b7bccbc0, 0x00000208b7bccdc8]
Event: 13.473 Thread 0x00000208cdad7360 2394       3       org.lombokweb.asm.ClassReader::readLong (29 bytes)
Event: 13.474 Thread 0x00000208cdad7360 nmethod 2394 0x00000208b7bcce90 code [0x00000208b7bcd040, 0x00000208b7bcd1f8]
Event: 13.666 Thread 0x00000208cdad7360 2396       3       java.lang.String::subSequence (7 bytes)
Event: 13.666 Thread 0x00000208cdad7360 nmethod 2396 0x00000208b7bcd310 code [0x00000208b7bcd4a0, 0x00000208b7bcd5e8]

GC Heap History (12 events):
Event: 4.720 GC heap before
{Heap before GC invocations=1 (full 0):
 PSYoungGen      total 29696K, used 25600K [0x00000000eab00000, 0x00000000ecc00000, 0x0000000100000000)
  eden space 25600K, 100% used [0x00000000eab00000,0x00000000ec400000,0x00000000ec400000)
  from space 4096K, 0% used [0x00000000ec800000,0x00000000ec800000,0x00000000ecc00000)
  to   space 4096K, 0% used [0x00000000ec400000,0x00000000ec400000,0x00000000ec800000)
 ParOldGen       total 68608K, used 0K [0x00000000c0000000, 0x00000000c4300000, 0x00000000eab00000)
  object space 68608K, 0% used [0x00000000c0000000,0x00000000c0000000,0x00000000c4300000)
 Metaspace       used 11007K, committed 11200K, reserved 1114112K
  class space    used 1096K, committed 1216K, reserved 1048576K
}
Event: 4.813 GC heap after
{Heap after GC invocations=1 (full 0):
 PSYoungGen      total 29696K, used 3205K [0x00000000eab00000, 0x00000000ecc00000, 0x0000000100000000)
  eden space 25600K, 0% used [0x00000000eab00000,0x00000000eab00000,0x00000000ec400000)
  from space 4096K, 78% used [0x00000000ec400000,0x00000000ec721710,0x00000000ec800000)
  to   space 4096K, 0% used [0x00000000ec800000,0x00000000ec800000,0x00000000ecc00000)
 ParOldGen       total 68608K, used 0K [0x00000000c0000000, 0x00000000c4300000, 0x00000000eab00000)
  object space 68608K, 0% used [0x00000000c0000000,0x00000000c0000000,0x00000000c4300000)
 Metaspace       used 11007K, committed 11200K, reserved 1114112K
  class space    used 1096K, committed 1216K, reserved 1048576K
}
Event: 7.772 GC heap before
{Heap before GC invocations=2 (full 0):
 PSYoungGen      total 29696K, used 28805K [0x00000000eab00000, 0x00000000ecc00000, 0x0000000100000000)
  eden space 25600K, 100% used [0x00000000eab00000,0x00000000ec400000,0x00000000ec400000)
  from space 4096K, 78% used [0x00000000ec400000,0x00000000ec721710,0x00000000ec800000)
  to   space 4096K, 0% used [0x00000000ec800000,0x00000000ec800000,0x00000000ecc00000)
 ParOldGen       total 68608K, used 0K [0x00000000c0000000, 0x00000000c4300000, 0x00000000eab00000)
  object space 68608K, 0% used [0x00000000c0000000,0x00000000c0000000,0x00000000c4300000)
 Metaspace       used 14885K, committed 15168K, reserved 1114112K
  class space    used 1509K, committed 1664K, reserved 1048576K
}
Event: 7.783 GC heap after
{Heap after GC invocations=2 (full 0):
 PSYoungGen      total 29696K, used 4089K [0x00000000eab00000, 0x00000000ecc00000, 0x0000000100000000)
  eden space 25600K, 0% used [0x00000000eab00000,0x00000000eab00000,0x00000000ec400000)
  from space 4096K, 99% used [0x00000000ec800000,0x00000000ecbfe650,0x00000000ecc00000)
  to   space 4096K, 0% used [0x00000000ec400000,0x00000000ec400000,0x00000000ec800000)
 ParOldGen       total 68608K, used 746K [0x00000000c0000000, 0x00000000c4300000, 0x00000000eab00000)
  object space 68608K, 1% used [0x00000000c0000000,0x00000000c00bab60,0x00000000c4300000)
 Metaspace       used 14885K, committed 15168K, reserved 1114112K
  class space    used 1509K, committed 1664K, reserved 1048576K
}
Event: 10.245 GC heap before
{Heap before GC invocations=3 (full 0):
 PSYoungGen      total 29696K, used 29689K [0x00000000eab00000, 0x00000000ecc00000, 0x0000000100000000)
  eden space 25600K, 100% used [0x00000000eab00000,0x00000000ec400000,0x00000000ec400000)
  from space 4096K, 99% used [0x00000000ec800000,0x00000000ecbfe650,0x00000000ecc00000)
  to   space 4096K, 0% used [0x00000000ec400000,0x00000000ec400000,0x00000000ec800000)
 ParOldGen       total 68608K, used 746K [0x00000000c0000000, 0x00000000c4300000, 0x00000000eab00000)
  object space 68608K, 1% used [0x00000000c0000000,0x00000000c00bab60,0x00000000c4300000)
 Metaspace       used 20009K, committed 20416K, reserved 1114112K
  class space    used 2036K, committed 2176K, reserved 1048576K
}
Event: 10.255 GC heap after
{Heap after GC invocations=3 (full 0):
 PSYoungGen      total 29696K, used 4072K [0x00000000eab00000, 0x00000000ecc00000, 0x0000000100000000)
  eden space 25600K, 0% used [0x00000000eab00000,0x00000000eab00000,0x00000000ec400000)
  from space 4096K, 99% used [0x00000000ec400000,0x00000000ec7fa308,0x00000000ec800000)
  to   space 4096K, 0% used [0x00000000ec800000,0x00000000ec800000,0x00000000ecc00000)
 ParOldGen       total 68608K, used 2523K [0x00000000c0000000, 0x00000000c4300000, 0x00000000eab00000)
  object space 68608K, 3% used [0x00000000c0000000,0x00000000c0276f30,0x00000000c4300000)
 Metaspace       used 20009K, committed 20416K, reserved 1114112K
  class space    used 2036K, committed 2176K, reserved 1048576K
}
Event: 11.721 GC heap before
{Heap before GC invocations=4 (full 0):
 PSYoungGen      total 29696K, used 10702K [0x00000000eab00000, 0x00000000ecc00000, 0x0000000100000000)
  eden space 25600K, 25% used [0x00000000eab00000,0x00000000eb1795e0,0x00000000ec400000)
  from space 4096K, 99% used [0x00000000ec400000,0x00000000ec7fa308,0x00000000ec800000)
  to   space 4096K, 0% used [0x00000000ec800000,0x00000000ec800000,0x00000000ecc00000)
 ParOldGen       total 68608K, used 2523K [0x00000000c0000000, 0x00000000c4300000, 0x00000000eab00000)
  object space 68608K, 3% used [0x00000000c0000000,0x00000000c0276f30,0x00000000c4300000)
 Metaspace       used 21061K, committed 21504K, reserved 1114112K
  class space    used 2154K, committed 2368K, reserved 1048576K
}
Event: 11.729 GC heap after
{Heap after GC invocations=4 (full 0):
 PSYoungGen      total 29696K, used 4079K [0x00000000eab00000, 0x00000000ecc00000, 0x0000000100000000)
  eden space 25600K, 0% used [0x00000000eab00000,0x00000000eab00000,0x00000000ec400000)
  from space 4096K, 99% used [0x00000000ec800000,0x00000000ecbfbec0,0x00000000ecc00000)
  to   space 4096K, 0% used [0x00000000ec400000,0x00000000ec400000,0x00000000ec800000)
 ParOldGen       total 68608K, used 2787K [0x00000000c0000000, 0x00000000c4300000, 0x00000000eab00000)
  object space 68608K, 4% used [0x00000000c0000000,0x00000000c02b8f40,0x00000000c4300000)
 Metaspace       used 21061K, committed 21504K, reserved 1114112K
  class space    used 2154K, committed 2368K, reserved 1048576K
}
Event: 11.729 GC heap before
{Heap before GC invocations=5 (full 1):
 PSYoungGen      total 29696K, used 4079K [0x00000000eab00000, 0x00000000ecc00000, 0x0000000100000000)
  eden space 25600K, 0% used [0x00000000eab00000,0x00000000eab00000,0x00000000ec400000)
  from space 4096K, 99% used [0x00000000ec800000,0x00000000ecbfbec0,0x00000000ecc00000)
  to   space 4096K, 0% used [0x00000000ec400000,0x00000000ec400000,0x00000000ec800000)
 ParOldGen       total 68608K, used 2787K [0x00000000c0000000, 0x00000000c4300000, 0x00000000eab00000)
  object space 68608K, 4% used [0x00000000c0000000,0x00000000c02b8f40,0x00000000c4300000)
 Metaspace       used 21061K, committed 21504K, reserved 1114112K
  class space    used 2154K, committed 2368K, reserved 1048576K
}
Event: 11.770 GC heap after
{Heap after GC invocations=5 (full 1):
 PSYoungGen      total 29696K, used 0K [0x00000000eab00000, 0x00000000ecc00000, 0x0000000100000000)
  eden space 25600K, 0% used [0x00000000eab00000,0x00000000eab00000,0x00000000ec400000)
  from space 4096K, 0% used [0x00000000ec800000,0x00000000ec800000,0x00000000ecc00000)
  to   space 4096K, 0% used [0x00000000ec400000,0x00000000ec400000,0x00000000ec800000)
 ParOldGen       total 68608K, used 6704K [0x00000000c0000000, 0x00000000c4300000, 0x00000000eab00000)
  object space 68608K, 9% used [0x00000000c0000000,0x00000000c068c1e8,0x00000000c4300000)
 Metaspace       used 21048K, committed 21504K, reserved 1114112K
  class space    used 2151K, committed 2368K, reserved 1048576K
}
Event: 12.816 GC heap before
{Heap before GC invocations=6 (full 1):
 PSYoungGen      total 29696K, used 25600K [0x00000000eab00000, 0x00000000ecc00000, 0x0000000100000000)
  eden space 25600K, 100% used [0x00000000eab00000,0x00000000ec400000,0x00000000ec400000)
  from space 4096K, 0% used [0x00000000ec800000,0x00000000ec800000,0x00000000ecc00000)
  to   space 4096K, 0% used [0x00000000ec400000,0x00000000ec400000,0x00000000ec800000)
 ParOldGen       total 68608K, used 6704K [0x00000000c0000000, 0x00000000c4300000, 0x00000000eab00000)
  object space 68608K, 9% used [0x00000000c0000000,0x00000000c068c1e8,0x00000000c4300000)
 Metaspace       used 24083K, committed 24512K, reserved 1114112K
  class space    used 2357K, committed 2560K, reserved 1048576K
}
Event: 12.817 GC heap after
{Heap after GC invocations=6 (full 1):
 PSYoungGen      total 26112K, used 602K [0x00000000eab00000, 0x00000000ec880000, 0x0000000100000000)
  eden space 25088K, 0% used [0x00000000eab00000,0x00000000eab00000,0x00000000ec380000)
  from space 1024K, 58% used [0x00000000ec400000,0x00000000ec496930,0x00000000ec500000)
  to   space 2560K, 0% used [0x00000000ec600000,0x00000000ec600000,0x00000000ec880000)
 ParOldGen       total 68608K, used 6712K [0x00000000c0000000, 0x00000000c4300000, 0x00000000eab00000)
  object space 68608K, 9% used [0x00000000c0000000,0x00000000c068e1e8,0x00000000c4300000)
 Metaspace       used 24083K, committed 24512K, reserved 1114112K
  class space    used 2357K, committed 2560K, reserved 1048576K
}

Dll operation events (9 events):
Event: 0.039 Loaded shared library c:\Users\quanv\.vscode\extensions\redhat.java-1.28.1-win32-x64\jre\17.0.10-win32-x86_64\bin\java.dll
Event: 0.810 Loaded shared library c:\Users\quanv\.vscode\extensions\redhat.java-1.28.1-win32-x64\jre\17.0.10-win32-x86_64\bin\zip.dll
Event: 0.840 Loaded shared library C:\Users\quanv\.vscode\extensions\redhat.java-1.28.1-win32-x64\jre\17.0.10-win32-x86_64\bin\instrument.dll
Event: 0.864 Loaded shared library C:\Users\quanv\.vscode\extensions\redhat.java-1.28.1-win32-x64\jre\17.0.10-win32-x86_64\bin\net.dll
Event: 0.869 Loaded shared library C:\Users\quanv\.vscode\extensions\redhat.java-1.28.1-win32-x64\jre\17.0.10-win32-x86_64\bin\nio.dll
Event: 1.056 Loaded shared library C:\Users\quanv\.vscode\extensions\redhat.java-1.28.1-win32-x64\jre\17.0.10-win32-x86_64\bin\zip.dll
Event: 1.133 Loaded shared library C:\Users\quanv\.vscode\extensions\redhat.java-1.28.1-win32-x64\jre\17.0.10-win32-x86_64\bin\jimage.dll
Event: 1.441 Loaded shared library c:\Users\quanv\.vscode\extensions\redhat.java-1.28.1-win32-x64\jre\17.0.10-win32-x86_64\bin\verify.dll
Event: 7.323 Loaded shared library C:\Users\quanv\AppData\Roaming\Code\User\globalStorage\redhat.java\1.28.1\config_ss_win\org.eclipse.equinox.launcher\org.eclipse.equinox.launcher.win32.win32.x86_64_1.2.900.v20240129-1338\eclipse_11900.dll

Deoptimization events (20 events):
Event: 10.743 Thread 0x00000208ce15a4e0 Uncommon trap: trap_request=0xffffffde fr.pc=0x00000208bf2bb61c relative=0x000000000000095c
Event: 10.743 Thread 0x00000208ce15a4e0 Uncommon trap: reason=class_check action=maybe_recompile pc=0x00000208bf2bb61c method=java.util.HashMap.putVal(ILjava/lang/Object;Ljava/lang/Object;ZZ)Ljava/lang/Object; @ 91 c2
Event: 10.743 Thread 0x00000208ce15a4e0 DEOPT PACKING pc=0x00000208bf2bb61c sp=0x000000a4e13f78c0
Event: 10.743 Thread 0x00000208ce15a4e0 DEOPT UNPACKING pc=0x00000208becb66a3 sp=0x000000a4e13f7758 mode 2
Event: 11.006 Thread 0x00000208ce15a4e0 Uncommon trap: trap_request=0xffffff45 fr.pc=0x00000208bf296fc0 relative=0x0000000000000040
Event: 11.006 Thread 0x00000208ce15a4e0 Uncommon trap: reason=unstable_if action=reinterpret pc=0x00000208bf296fc0 method=sun.nio.fs.WindowsPathParser.isSlash(C)Z @ 9 c2
Event: 11.006 Thread 0x00000208ce15a4e0 DEOPT PACKING pc=0x00000208bf296fc0 sp=0x000000a4e13f9100
Event: 11.006 Thread 0x00000208ce15a4e0 DEOPT UNPACKING pc=0x00000208becb66a3 sp=0x000000a4e13f9088 mode 2
Event: 11.234 Thread 0x00000208ce15a4e0 Uncommon trap: trap_request=0xffffff45 fr.pc=0x00000208bf2d9d40 relative=0x00000000000006e0
Event: 11.234 Thread 0x00000208ce15a4e0 Uncommon trap: reason=unstable_if action=reinterpret pc=0x00000208bf2d9d40 method=java.io.BufferedInputStream.read([BII)I @ 56 c2
Event: 11.234 Thread 0x00000208ce15a4e0 DEOPT PACKING pc=0x00000208bf2d9d40 sp=0x000000a4e13f9020
Event: 11.234 Thread 0x00000208ce15a4e0 DEOPT UNPACKING pc=0x00000208becb66a3 sp=0x000000a4e13f8ff8 mode 2
Event: 11.816 Thread 0x00000208ce424a90 Uncommon trap: trap_request=0xffffffcc fr.pc=0x00000208bf2e3144 relative=0x0000000000000324
Event: 11.816 Thread 0x00000208ce424a90 Uncommon trap: reason=intrinsic_or_type_checked_inlining action=make_not_entrant pc=0x00000208bf2e3144 method=java.util.Arrays.copyOf([Ljava/lang/Object;ILjava/lang/Class;)[Ljava/lang/Object; @ 35 c2
Event: 11.816 Thread 0x00000208ce424a90 DEOPT PACKING pc=0x00000208bf2e3144 sp=0x000000a4e17ff260
Event: 11.816 Thread 0x00000208ce424a90 DEOPT UNPACKING pc=0x00000208becb66a3 sp=0x000000a4e17ff208 mode 2
Event: 13.343 Thread 0x00000208ce15a4e0 Uncommon trap: trap_request=0xffffff45 fr.pc=0x00000208bf2ef880 relative=0x00000000000002e0
Event: 13.343 Thread 0x00000208ce15a4e0 Uncommon trap: reason=unstable_if action=reinterpret pc=0x00000208bf2ef880 method=org.lombokweb.asm.Label.resolve([BI)Z @ 80 c2
Event: 13.343 Thread 0x00000208ce15a4e0 DEOPT PACKING pc=0x00000208bf2ef880 sp=0x000000a4e13f28c0
Event: 13.343 Thread 0x00000208ce15a4e0 DEOPT UNPACKING pc=0x00000208becb66a3 sp=0x000000a4e13f27c0 mode 2

Classes unloaded (7 events):
Event: 11.736 Thread 0x00000208c88cb820 Unloading class 0x000000010021c400 'java/lang/invoke/LambdaForm$MH+0x000000010021c400'
Event: 11.736 Thread 0x00000208c88cb820 Unloading class 0x000000010021c000 'java/lang/invoke/LambdaForm$MH+0x000000010021c000'
Event: 11.736 Thread 0x00000208c88cb820 Unloading class 0x000000010021bc00 'java/lang/invoke/LambdaForm$MH+0x000000010021bc00'
Event: 11.736 Thread 0x00000208c88cb820 Unloading class 0x000000010021b800 'java/lang/invoke/LambdaForm$MH+0x000000010021b800'
Event: 11.736 Thread 0x00000208c88cb820 Unloading class 0x000000010021b400 'java/lang/invoke/LambdaForm$BMH+0x000000010021b400'
Event: 11.736 Thread 0x00000208c88cb820 Unloading class 0x000000010021b000 'java/lang/invoke/LambdaForm$DMH+0x000000010021b000'
Event: 11.736 Thread 0x00000208c88cb820 Unloading class 0x0000000100218400 'java/lang/invoke/LambdaForm$DMH+0x0000000100218400'

Classes redefined (0 events):
No events

Internal exceptions (20 events):
Event: 8.961 Thread 0x00000208ce15a4e0 Exception <a 'java/lang/NoSuchMethodError'{0x00000000ebf21700}: 'int java.lang.invoke.DirectMethodHandle$Holder.invokeStatic(java.lang.Object, java.lang.Object, int)'> (0x00000000ebf21700) 
thrown [s\src\hotspot\share\interpreter\linkResolver.cpp, line 759]
Event: 8.962 Thread 0x00000208ce15a4e0 Exception <a 'java/lang/NoSuchMethodError'{0x00000000ebf25728}: 'int java.lang.invoke.DirectMethodHandle$Holder.invokeSpecial(java.lang.Object, java.lang.Object, java.lang.Object, int)'> (0x00000000ebf25728) 
thrown [s\src\hotspot\share\interpreter\linkResolver.cpp, line 759]
Event: 8.971 Thread 0x00000208ce15a4e0 Exception <a 'java/lang/NoSuchMethodError'{0x00000000ebf406b0}: 'java.lang.Object java.lang.invoke.DirectMethodHandle$Holder.invokeStatic(java.lang.Object, java.lang.Object, java.lang.Object, java.lang.Object, int)'> (0x00000000ebf406b0) 
thrown [s\src\hotspot\share\interpreter\linkResolver.cpp, line 759]
Event: 8.975 Thread 0x00000208ce15a4e0 Exception <a 'java/lang/NoSuchMethodError'{0x00000000ebf4c6a8}: 'java.lang.Object java.lang.invoke.DelegatingMethodHandle$Holder.reinvoke_L(java.lang.Object, java.lang.Object, java.lang.Object, java.lang.Object, int, int)'> (0x00000000ebf4c6a8) 
thrown [s\src\hotspot\share\interpreter\linkResolver.cpp, line 759]
Event: 8.980 Thread 0x00000208ce15a4e0 Exception <a 'java/lang/NoSuchMethodError'{0x00000000ebf60ec8}: 'java.lang.Object java.lang.invoke.Invokers$Holder.invokeExact_MT(java.lang.Object, java.lang.Object, java.lang.Object, java.lang.Object)'> (0x00000000ebf60ec8) 
thrown [s\src\hotspot\share\interpreter\linkResolver.cpp, line 759]
Event: 9.283 Thread 0x00000208ce15a4e0 Exception <a 'java/io/FileNotFoundException'{0x00000000ec1d1250}> (0x00000000ec1d1250) 
thrown [s\src\hotspot\share\prims\jni.cpp, line 516]
Event: 9.285 Thread 0x00000208ce15a4e0 Exception <a 'java/io/FileNotFoundException'{0x00000000ec1d7bb8}> (0x00000000ec1d7bb8) 
thrown [s\src\hotspot\share\prims\jni.cpp, line 516]
Event: 10.427 Thread 0x00000208ce15a4e0 Exception <a 'java/lang/NoSuchMethodError'{0x00000000eab79b58}: 'java.lang.Object java.lang.invoke.DirectMethodHandle$Holder.newInvokeSpecial(java.lang.Object, java.lang.Object, java.lang.Object, java.lang.Object, java.lang.Object)'> (0x00000000eab79b58) 
thrown [s\src\hotspot\share\interpreter\linkResolver.cpp, line 759]
Event: 11.473 Thread 0x00000208ce15a4e0 Exception <a 'java/lang/NoSuchMethodError'{0x00000000eaf5a3e0}: 'java.lang.Object java.lang.invoke.DirectMethodHandle$Holder.invokeSpecial(java.lang.Object, java.lang.Object, java.lang.Object, long, java.lang.Object)'> (0x00000000eaf5a3e0) 
thrown [s\src\hotspot\share\interpreter\linkResolver.cpp, line 759]
Event: 11.479 Thread 0x00000208ce15a4e0 Exception <a 'java/lang/NoSuchMethodError'{0x00000000eaf62598}: 'java.lang.Object java.lang.invoke.DirectMethodHandle$Holder.newInvokeSpecial(java.lang.Object, java.lang.Object, java.lang.Object, long)'> (0x00000000eaf62598) 
thrown [s\src\hotspot\share\interpreter\linkResolver.cpp, line 759]
Event: 11.480 Thread 0x00000208ce15a4e0 Exception <a 'java/lang/NoSuchMethodError'{0x00000000eaf66b38}: 'java.lang.Object java.lang.invoke.DirectMethodHandle$Holder.invokeSpecial(java.lang.Object, java.lang.Object, java.lang.Object, java.lang.Object, long)'> (0x00000000eaf66b38) 
thrown [s\src\hotspot\share\interpreter\linkResolver.cpp, line 759]
Event: 11.480 Thread 0x00000208ce15a4e0 Exception <a 'java/lang/NoSuchMethodError'{0x00000000eaf6a9b0}: 'java.lang.Object java.lang.invoke.Invokers$Holder.linkToTargetMethod(java.lang.Object, java.lang.Object, long, java.lang.Object)'> (0x00000000eaf6a9b0) 
thrown [s\src\hotspot\share\interpreter\linkResolver.cpp, line 759]
Event: 11.498 Thread 0x00000208ce15a4e0 Exception <a 'java/lang/NoSuchMethodError'{0x00000000eafc8a40}: 'int java.lang.invoke.DirectMethodHandle$Holder.invokeStaticInit(java.lang.Object, java.lang.Object, java.lang.Object)'> (0x00000000eafc8a40) 
thrown [s\src\hotspot\share\interpreter\linkResolver.cpp, line 759]
Event: 11.569 Thread 0x00000208ce15a4e0 Exception <a 'java/lang/IncompatibleClassChangeError'{0x00000000eb053f30}: Found class java.lang.Object, but interface was expected> (0x00000000eb053f30) 
thrown [s\src\hotspot\share\interpreter\linkResolver.cpp, line 826]
Event: 11.610 Thread 0x00000208ce15a4e0 Exception <a 'java/lang/NoSuchMethodError'{0x00000000eb066908}: 'java.lang.Object java.lang.invoke.DirectMethodHandle$Holder.invokeSpecial(java.lang.Object, java.lang.Object, java.lang.Object, int, java.lang.Object, java.lang.Object)'> (0x00000000eb066908) 
thrown [s\src\hotspot\share\interpreter\linkResolver.cpp, line 759]
Event: 11.611 Thread 0x00000208ce15a4e0 Exception <a 'java/lang/NoSuchMethodError'{0x00000000eb06f090}: 'java.lang.Object java.lang.invoke.DirectMethodHandle$Holder.newInvokeSpecial(java.lang.Object, java.lang.Object, java.lang.Object, int, java.lang.Object)'> (0x00000000eb06f090) 
thrown [s\src\hotspot\share\interpreter\linkResolver.cpp, line 759]
Event: 11.613 Thread 0x00000208ce15a4e0 Exception <a 'java/lang/NoSuchMethodError'{0x00000000eb0734e8}: 'java.lang.Object java.lang.invoke.DirectMethodHandle$Holder.invokeSpecial(java.lang.Object, java.lang.Object, java.lang.Object, java.lang.Object, int, java.lang.Object)'> (0x00000000eb0734e8) 
thrown [s\src\hotspot\share\interpreter\linkResolver.cpp, line 759]
Event: 11.614 Thread 0x00000208ce424a90 Exception <a 'java/lang/NoSuchMethodError'{0x00000000eb017c58}: 'java.lang.Object java.lang.invoke.DirectMethodHandle$Holder.invokeSpecial(java.lang.Object, java.lang.Object, int, java.lang.Object, java.lang.Object)'> (0x00000000eb017c58) 
thrown [s\src\hotspot\share\interpreter\linkResolver.cpp, line 759]
Event: 11.615 Thread 0x00000208ce424a90 Exception <a 'java/lang/NoSuchMethodError'{0x00000000eb01f328}: 'java.lang.Object java.lang.invoke.DirectMethodHandle$Holder.newInvokeSpecial(java.lang.Object, java.lang.Object, int, java.lang.Object)'> (0x00000000eb01f328) 
thrown [s\src\hotspot\share\interpreter\linkResolver.cpp, line 759]
Event: 11.616 Thread 0x00000208ce424a90 Exception <a 'java/lang/NoSuchMethodError'{0x00000000eb022e38}: 'java.lang.Object java.lang.invoke.DirectMethodHandle$Holder.invokeSpecial(java.lang.Object, java.lang.Object, java.lang.Object, int, java.lang.Object)'> (0x00000000eb022e38) 
thrown [s\src\hotspot\share\interpreter\linkResolver.cpp, line 759]

VM Operations (20 events):
Event: 8.684 Executing VM operation: HandshakeAllThreads
Event: 8.684 Executing VM operation: HandshakeAllThreads done
Event: 8.944 Executing VM operation: HandshakeAllThreads
Event: 8.944 Executing VM operation: HandshakeAllThreads done
Event: 8.944 Executing VM operation: Cleanup
Event: 8.945 Executing VM operation: Cleanup done
Event: 9.945 Executing VM operation: Cleanup
Event: 9.945 Executing VM operation: Cleanup done
Event: 10.245 Executing VM operation: ParallelGCFailedAllocation
Event: 10.255 Executing VM operation: ParallelGCFailedAllocation done
Event: 11.255 Executing VM operation: Cleanup
Event: 11.256 Executing VM operation: Cleanup done
Event: 11.714 Executing VM operation: HandshakeAllThreads
Event: 11.714 Executing VM operation: HandshakeAllThreads done
Event: 11.721 Executing VM operation: CollectForMetadataAllocation
Event: 11.771 Executing VM operation: CollectForMetadataAllocation done
Event: 12.771 Executing VM operation: Cleanup
Event: 12.771 Executing VM operation: Cleanup done
Event: 12.816 Executing VM operation: ParallelGCFailedAllocation
Event: 12.817 Executing VM operation: ParallelGCFailedAllocation done

Events (20 events):
Event: 12.018 loading class java/io/StringReader
Event: 12.018 loading class java/io/StringReader done
Event: 12.027 loading class java/net/SocketTimeoutException
Event: 12.027 loading class java/io/InterruptedIOException
Event: 12.027 loading class java/io/InterruptedIOException done
Event: 12.027 loading class java/net/SocketTimeoutException done
Event: 12.027 loading class java/net/SocketException
Event: 12.027 loading class java/net/SocketException done
Event: 12.027 loading class java/net/UnknownHostException
Event: 12.027 loading class java/net/UnknownHostException done
Event: 12.027 loading class java/net/ProtocolException
Event: 12.027 loading class java/net/ProtocolException done
Event: 12.085 loading class java/lang/ThreadLocal$SuppliedThreadLocal
Event: 12.085 loading class java/lang/ThreadLocal$SuppliedThreadLocal done
Event: 12.097 loading class java/io/FileWriter
Event: 12.097 loading class java/io/FileWriter done
Event: 12.267 Thread 0x00000208ce3a4e50 Thread added: 0x00000208ce3a4e50
Event: 12.344 loading class java/lang/NegativeArraySizeException
Event: 12.344 loading class java/lang/NegativeArraySizeException done
Event: 12.538 Thread 0x00000208ce3a4e50 Thread exited: 0x00000208ce3a4e50


Dynamic libraries:
0x00007ff6c8b50000 - 0x00007ff6c8b5e000 	c:\Users\quanv\.vscode\extensions\redhat.java-1.28.1-win32-x64\jre\17.0.10-win32-x86_64\bin\java.exe
0x00007ff8b8b70000 - 0x00007ff8b8d68000 	C:\Windows\SYSTEM32\ntdll.dll
0x00007ff8b7f70000 - 0x00007ff8b802d000 	C:\Windows\System32\KERNEL32.DLL
0x00007ff8b6700000 - 0x00007ff8b69f6000 	C:\Windows\System32\KERNELBASE.dll
0x00007ff8b2ef0000 - 0x00007ff8b2f80000 	C:\Windows\SYSTEM32\apphelp.dll
0x00007ff8b6600000 - 0x00007ff8b6700000 	C:\Windows\System32\ucrtbase.dll
0x00007ff8b1530000 - 0x00007ff8b1547000 	c:\Users\quanv\.vscode\extensions\redhat.java-1.28.1-win32-x64\jre\17.0.10-win32-x86_64\bin\jli.dll
0x00007ff8b72e0000 - 0x00007ff8b747e000 	C:\Windows\System32\USER32.dll
0x00007ff8b6b50000 - 0x00007ff8b6b72000 	C:\Windows\System32\win32u.dll
0x00007ff8b8a30000 - 0x00007ff8b8a5b000 	C:\Windows\System32\GDI32.dll
0x00007ff8b64e0000 - 0x00007ff8b65f7000 	C:\Windows\System32\gdi32full.dll
0x00007ff8b6a00000 - 0x00007ff8b6a9d000 	C:\Windows\System32\msvcp_win.dll
0x00007ff8b1510000 - 0x00007ff8b152b000 	c:\Users\quanv\.vscode\extensions\redhat.java-1.28.1-win32-x64\jre\17.0.10-win32-x86_64\bin\VCRUNTIME140.dll
0x00007ff8a0b70000 - 0x00007ff8a0e0a000 	C:\Windows\WinSxS\amd64_microsoft.windows.common-controls_6595b64144ccf1df_6.0.19041.3636_none_60b6a03d71f818d5\COMCTL32.dll
0x00007ff8b7d70000 - 0x00007ff8b7e0e000 	C:\Windows\System32\msvcrt.dll
0x00007ff8b7f30000 - 0x00007ff8b7f62000 	C:\Windows\System32\IMM32.DLL
0x00007ff8b1500000 - 0x00007ff8b150c000 	c:\Users\quanv\.vscode\extensions\redhat.java-1.28.1-win32-x64\jre\17.0.10-win32-x86_64\bin\vcruntime140_1.dll
0x00007ff895330000 - 0x00007ff8953bd000 	c:\Users\quanv\.vscode\extensions\redhat.java-1.28.1-win32-x64\jre\17.0.10-win32-x86_64\bin\msvcp140.dll
0x00007ff86c330000 - 0x00007ff86cf92000 	c:\Users\quanv\.vscode\extensions\redhat.java-1.28.1-win32-x64\jre\17.0.10-win32-x86_64\bin\server\jvm.dll
0x00007ff8b8710000 - 0x00007ff8b87c3000 	C:\Windows\System32\ADVAPI32.dll
0x00007ff8b8830000 - 0x00007ff8b88cf000 	C:\Windows\System32\sechost.dll
0x00007ff8b7480000 - 0x00007ff8b75a6000 	C:\Windows\System32\RPCRT4.dll
0x00007ff8b6b80000 - 0x00007ff8b6ba7000 	C:\Windows\System32\bcrypt.dll
0x00007ff8b5740000 - 0x00007ff8b578b000 	C:\Windows\SYSTEM32\POWRPROF.dll
0x00007ff89ed90000 - 0x00007ff89ed99000 	C:\Windows\SYSTEM32\WSOCK32.dll
0x00007ff8b7e10000 - 0x00007ff8b7e7b000 	C:\Windows\System32\WS2_32.dll
0x00007ff8a7320000 - 0x00007ff8a7347000 	C:\Windows\SYSTEM32\WINMM.dll
0x00007ff8a90d0000 - 0x00007ff8a90da000 	C:\Windows\SYSTEM32\VERSION.dll
0x00007ff8b5600000 - 0x00007ff8b5612000 	C:\Windows\SYSTEM32\UMPDC.dll
0x00007ff8b4a30000 - 0x00007ff8b4a42000 	C:\Windows\SYSTEM32\kernel.appcore.dll
0x00007ff8b14f0000 - 0x00007ff8b14fa000 	c:\Users\quanv\.vscode\extensions\redhat.java-1.28.1-win32-x64\jre\17.0.10-win32-x86_64\bin\jimage.dll
0x00007ff8b38d0000 - 0x00007ff8b3ab4000 	C:\Windows\SYSTEM32\DBGHELP.DLL
0x00007ff8a5a70000 - 0x00007ff8a5aa4000 	C:\Windows\SYSTEM32\dbgcore.DLL
0x00007ff8b6450000 - 0x00007ff8b64d2000 	C:\Windows\System32\bcryptPrimitives.dll
0x00007ff8b10a0000 - 0x00007ff8b10ae000 	c:\Users\quanv\.vscode\extensions\redhat.java-1.28.1-win32-x64\jre\17.0.10-win32-x86_64\bin\instrument.dll
0x00007ff8af4f0000 - 0x00007ff8af515000 	c:\Users\quanv\.vscode\extensions\redhat.java-1.28.1-win32-x64\jre\17.0.10-win32-x86_64\bin\java.dll
0x00007ff8b1080000 - 0x00007ff8b1098000 	c:\Users\quanv\.vscode\extensions\redhat.java-1.28.1-win32-x64\jre\17.0.10-win32-x86_64\bin\zip.dll
0x00007ff8b7610000 - 0x00007ff8b7d55000 	C:\Windows\System32\SHELL32.dll
0x00007ff8b41b0000 - 0x00007ff8b494c000 	C:\Windows\SYSTEM32\windows.storage.dll
0x00007ff8b8220000 - 0x00007ff8b8574000 	C:\Windows\System32\combase.dll
0x00007ff8b5b80000 - 0x00007ff8b5bae000 	C:\Windows\SYSTEM32\Wldp.dll
0x00007ff8b8a60000 - 0x00007ff8b8b2d000 	C:\Windows\System32\OLEAUT32.dll
0x00007ff8b7e80000 - 0x00007ff8b7f2d000 	C:\Windows\System32\SHCORE.dll
0x00007ff8b88d0000 - 0x00007ff8b8925000 	C:\Windows\System32\shlwapi.dll
0x00007ff8b6160000 - 0x00007ff8b6185000 	C:\Windows\SYSTEM32\profapi.dll
0x00007ff8b1050000 - 0x00007ff8b1069000 	C:\Users\quanv\.vscode\extensions\redhat.java-1.28.1-win32-x64\jre\17.0.10-win32-x86_64\bin\net.dll
0x00007ff8ab880000 - 0x00007ff8ab98a000 	C:\Windows\SYSTEM32\WINHTTP.dll
0x00007ff8b5960000 - 0x00007ff8b59ca000 	C:\Windows\system32\mswsock.dll
0x00007ff8ad9e0000 - 0x00007ff8ad9f6000 	C:\Users\quanv\.vscode\extensions\redhat.java-1.28.1-win32-x64\jre\17.0.10-win32-x86_64\bin\nio.dll
0x00007ff8b0ce0000 - 0x00007ff8b0cf0000 	c:\Users\quanv\.vscode\extensions\redhat.java-1.28.1-win32-x64\jre\17.0.10-win32-x86_64\bin\verify.dll
0x00007ff895190000 - 0x00007ff8951ce000 	C:\Users\quanv\AppData\Roaming\Code\User\globalStorage\redhat.java\1.28.1\config_ss_win\org.eclipse.equinox.launcher\org.eclipse.equinox.launcher.win32.win32.x86_64_1.2.900.v20240129-1338\eclipse_11900.dll
0x00007ff8b8030000 - 0x00007ff8b815b000 	C:\Windows\System32\ole32.dll

dbghelp: loaded successfully - version: 4.0.5 - missing functions: none
symbol engine: initialized successfully - sym options: 0x614 - pdb path: .;c:\Users\quanv\.vscode\extensions\redhat.java-1.28.1-win32-x64\jre\17.0.10-win32-x86_64\bin;C:\Windows\SYSTEM32;C:\Windows\WinSxS\amd64_microsoft.windows.common-controls_6595b64144ccf1df_6.0.19041.3636_none_60b6a03d71f818d5;c:\Users\quanv\.vscode\extensions\redhat.java-1.28.1-win32-x64\jre\17.0.10-win32-x86_64\bin\server;C:\Users\quanv\AppData\Roaming\Code\User\globalStorage\redhat.java\1.28.1\config_ss_win\org.eclipse.equinox.launcher\org.eclipse.equinox.launcher.win32.win32.x86_64_1.2.900.v20240129-1338

VM Arguments:
jvm_args: --add-modules=ALL-SYSTEM --add-opens=java.base/java.util=ALL-UNNAMED --add-opens=java.base/java.lang=ALL-UNNAMED --add-opens=java.base/sun.nio.fs=ALL-UNNAMED -Declipse.application=org.eclipse.jdt.ls.core.id1 -Dosgi.bundles.defaultStartLevel=4 -Declipse.product=org.eclipse.jdt.ls.core.product -Djava.import.generatesMetadataFilesAtProjectRoot=false -DDetectVMInstallationsJob.disabled=true -Dfile.encoding=utf8 -XX:+UseParallelGC -XX:GCTimeRatio=4 -XX:AdaptiveSizePolicyWeight=90 -Dsun.zip.disableMemoryMapping=true -Xmx1G -Xms100m -Xlog:disable -javaagent:c:\Users\quanv\.vscode\extensions\redhat.java-1.28.1-win32-x64\lombok\lombok-1.18.31.jar 
java_command: c:\Users\quanv\.vscode\extensions\redhat.java-1.28.1-win32-x64\server\plugins\org.eclipse.equinox.launcher_1.6.700.v20231214-2017.jar -configuration c:\Users\quanv\AppData\Roaming\Code\User\globalStorage\redhat.java\1.28.1\config_ss_win -data c:\Users\quanv\AppData\Roaming\Code\User\workspaceStorage\ccecfbbd7f8eecbfb882a3794a653680\redhat.java\ss_ws --stdio
java_class_path (initial): c:\Users\quanv\.vscode\extensions\redhat.java-1.28.1-win32-x64\server\plugins\org.eclipse.equinox.launcher_1.6.700.v20231214-2017.jar
Launcher Type: SUN_STANDARD

[Global flags]
    uintx AdaptiveSizePolicyWeight                 = 90                                        {product} {command line}
     intx CICompilerCount                          = 3                                         {product} {ergonomic}
    uintx GCTimeRatio                              = 4                                         {product} {command line}
   size_t InitialHeapSize                          = 104857600                                 {product} {command line}
   size_t MaxHeapSize                              = 1073741824                                {product} {command line}
   size_t MaxNewSize                               = 357564416                                 {product} {ergonomic}
   size_t MinHeapDeltaBytes                        = 524288                                    {product} {ergonomic}
   size_t MinHeapSize                              = 104857600                                 {product} {command line}
   size_t NewSize                                  = 34603008                                  {product} {ergonomic}
    uintx NonNMethodCodeHeapSize                   = 5832780                                {pd product} {ergonomic}
    uintx NonProfiledCodeHeapSize                  = 122912730                              {pd product} {ergonomic}
   size_t OldSize                                  = 70254592                                  {product} {ergonomic}
    uintx ProfiledCodeHeapSize                     = 122912730                              {pd product} {ergonomic}
    uintx ReservedCodeCacheSize                    = 251658240                              {pd product} {ergonomic}
     bool SegmentedCodeCache                       = true                                      {product} {ergonomic}
   size_t SoftMaxHeapSize                          = 1073741824                             {manageable} {ergonomic}
     bool UseCompressedClassPointers               = true                           {product lp64_product} {ergonomic}
     bool UseCompressedOops                        = true                           {product lp64_product} {ergonomic}
     bool UseLargePagesIndividualAllocation        = false                                  {pd product} {ergonomic}
     bool UseParallelGC                            = true                                      {product} {command line}

Logging:
Log output configuration:
 #0: stdout all=off uptime,level,tags
 #1: stderr all=off uptime,level,tags

Environment Variables:
JAVA_HOME=C:\Program Files\Java\jdk-17
PATH=C:\Program Files\Common Files\Oracle\Java\javapath;C:\Program Files (x86)\VMware\VMware Workstation\bin\;C:\Windows\system32;C:\Windows;C:\Windows\System32\Wbem;C:\Windows\System32\WindowsPowerShell\v1.0\;C:\Windows\System32\OpenSSH\;D:\vscjava\jdk-17_windows-x64_bin.exe\bin;C:\apache-maven-3.9.4\bin;C:\Program Files\Git\cmd;C:\MinGW\bin;C:\Program Files\Docker\Docker\resources\bin;C:\minikube;D:\vscjava\jdk-17_windows-x64_bin.exe\bin;C:\apache-maven-3.9.4\bin;C:\Users\quanv\AppData\Local\Microsoft\WindowsApps;C:\Users\quanv\AppData\Local\Programs\Microsoft VS Code\bin;C:\minikube;C:\apache-maven-3.9.4\bin;C:\Program Files\Java\jdk-17\bin;;C:\Program Files\JetBrains\IntelliJ IDEA 2023.2\bin;
USERNAME=LONG
OS=Windows_NT
PROCESSOR_IDENTIFIER=Intel64 Family 6 Model 61 Stepping 4, GenuineIntel
TMP=C:\Users\quanv\AppData\Local\Temp
TEMP=C:\Users\quanv\AppData\Local\Temp



Periodic native trim disabled


---------------  S Y S T E M  ---------------

OS:
 Windows 10 , 64 bit Build 19041 (10.0.19041.3636)
OS uptime: 0 days 5:44 hours
Hyper-V role detected

CPU: total 4 (initial active 4) (2 cores per cpu, 2 threads per core) family 6 model 61 stepping 4 microcode 0x2d, cx8, cmov, fxsr, ht, mmx, 3dnowpref, sse, sse2, sse3, ssse3, sse4.1, sse4.2, popcnt, lzcnt, tsc, tscinvbit, avx, avx2, aes, erms, clmul, bmi1, bmi2, rtm, adx, fma, vzeroupper, clflush, hv
Processor Information for all 4 processors :
  Max Mhz: 2295, Current Mhz: 2295, Mhz Limit: 2295

Memory: 4k page, system-wide physical 8064M (473M free)
TotalPageFile size 13391M (AvailPageFile size 0M)
current process WorkingSet (physical memory assigned to process): 136M, peak: 136M
current process commit charge ("private bytes"): 232M, peak: 232M

vm_info: OpenJDK 64-Bit Server VM (17.0.10+7) for windows-amd64 JRE (17.0.10+7), built on Jan 16 2024 23:25:11 by "admin" with MS VC++ 16.10 / 16.11 (VS2019)

END.
